dd3b8ee Merge branch 'goals' into 'master'
b2498c8 Merge branch 'goals' into 'master'
4c8541d Merge branch 'exit-update' into 'master'
51e0c87 Merge branch 'mercenary/tests' into 'master'
4e379ba Merge branch 'portal/tests' into 'master'
8a7b300 Merge branch 'battle' into 'master'
7f54a6e Merge branch 'battle' into 'master'
0b85692 Merge branch 'potions' into 'master'
d0b6428 Merge branch 'fixing-bomb-bug' into 'master'
2e04f47 Merge branch 'fixed/portal/ally' into 'master'
6bb5582 Merge branch 'shield-bow-finished' into 'master'
73b9ac7 Merge branch 'potions' into 'master'
acec046 Merge branch 'fix/buildables/frontend' into 'master'
4170e3d Merge branch 'finished-weapons' into 'master'
1591b4d Merge branch 'changes' into 'master'
faddfe3 Merge branch 'fix/boulder/wall' into 'master'
9a0bfcf Merge branch 'changes' into 'master'
240cfcf Update Game.java
 1 file changed, 4 insertions(+)
c8b176f Merge branch 'ricky/done' into 'master'
ef0c57c Merge branch 'key-done' into 'master'
cc6cb82 Delete unusedBomb.java
 1 file changed, 43 deletions(-)
5cc6a03 Add new file
 1 file changed, 43 insertions(+)
377b797 Merge branch 'revert' into 'master'
3307d0e Delete jbh
 1 file changed, 1 deletion(-)
d4f9016 Merge branch 'aryan' into 'master'
7c325e9 Add new file
 1 file changed, 1 insertion(+)
edf19d6 Merge branch 'fix/bugs' into 'master'
5accccf Merge branch 'mercenary' into 'master'
83c6dd7 Merge branch 'sword-shield-bow-tests' into 'master'
9ce4ecc Merge branch 'health/remove' into 'master'
8c22467 Merge branch 'master' into 'health/remove'
e9176f2 Merge branch 'bomb-boulder-switch' into 'master'
e4f8d33 Merge branch 'master' into 'bomb-boulder-switch'
84212df Merge branch 'andy/itemTesting' into 'master'
fc46ecc Merge branch 'master' into 'andy/itemTesting'
55914e9 Merge branch 'mercenary' into 'master'
9668388 Merge branch 'jessy-copy' into 'master'
fda7c35 Upload New File
 1 file changed, 0 insertions(+), 0 deletions(-)
6a2bcd2 Merge branch 'portal' into 'master'
b5e9dac Merge branch 'buildables/collectables' into 'master'
9bf76e4 Merge branch 'exit' into 'master'
f982571 Merge branch 'json' into 'master'
fbd8adf Merge branch 'json' into 'master'
a613148 Upload New File
 1 file changed, 0 insertions(+), 0 deletions(-)
6e0c1ec Merge branch 'stubbing' into 'master'
ecc014a Upload New File
 1 file changed, 0 insertions(+), 0 deletions(-)
802b48f Upload New File
 1 file changed, 0 insertions(+), 0 deletions(-)
a8e4fc8 Add new directory
 1 file changed, 0 insertions(+), 0 deletions(-)
39f1ed0 Upload New File
 1 file changed, 0 insertions(+), 0 deletions(-)
7eca99e Upload New File
 1 file changed, 0 insertions(+), 0 deletions(-)
75287f7 Add new directory
 1 file changed, 0 insertions(+), 0 deletions(-)
